<?xml version="1.0" encoding="UTF-8"?>
<!-- Generated by org.testng.reporters.JUnitReportReporter -->
<testsuite hostname="Jahongirs-MacBook-Pro.local" name="OLB.dummytest" tests="1" failures="0" timestamp="23 Sep 2019 02:38:02 GMT" time="0.785" errors="0">
  <testcase name="abc" time="0.785" classname="OLB.dummytest"/>
</testsuite> <!-- OLB.dummytest -->
