<?xml version="1.0" encoding="UTF-8"?>
<!-- Generated by org.testng.reporters.JUnitReportReporter -->
<testsuite hostname="Jahongirs-MacBook-Pro.local" name="OLB.Banners" tests="1" failures="1" timestamp="13 Sep 2019 20:18:38 GMT" time="31.376" errors="0">
  <testcase name="Banners_2WV" time="31.376" classname="OLB.Banners">
    <failure type="junit.framework.ComparisonFailure" message="Expected Banner displayed expected:&lt;Some of your closed accounts are past due To find out who to contact, view your accounts.&gt; but was:&lt;Algunas de sus cuentas cerradas están atrasadas Para realizar un pago o saber a quién puede contactar, vea sus cuentas.
1&gt;">
      <![CDATA[junit.framework.ComparisonFailure: Expected Banner displayed expected:<Some of your closed accounts are past due To find out who to contact, view your accounts.> but was:<Algunas de sus cuentas cerradas están atrasadas Para realizar un pago o saber a quién puede contactar, vea sus cuentas.
1>
	at junit.framework.Assert.assertEquals(Assert.java:81)
	at OLB.Banners.Banners_2WV(Banners.java:43)
	at sun.reflect.NativeMethodAccessorImpl.invoke0(Native Method)
	at sun.reflect.NativeMethodAccessorImpl.invoke(NativeMethodAccessorImpl.java:62)
	at sun.reflect.DelegatingMethodAccessorImpl.invoke(DelegatingMethodAccessorImpl.java:43)
	at java.lang.reflect.Method.invoke(Method.java:498)
	at org.testng.internal.MethodInvocationHelper.invokeMethod(MethodInvocationHelper.java:80)
	at org.testng.internal.Invoker.invokeMethod(Invoker.java:714)
	at org.testng.internal.Invoker.invokeTestMethod(Invoker.java:901)
	at org.testng.internal.Invoker.invokeTestMethods(Invoker.java:1231)
	at org.testng.internal.TestMethodWorker.invokeTestMethods(TestMethodWorker.java:127)
	at org.testng.internal.TestMethodWorker.run(TestMethodWorker.java:111)
	at org.testng.TestRunner.privateRun(TestRunner.java:767)
	at org.testng.TestRunner.run(TestRunner.java:617)
	at org.testng.SuiteRunner.runTest(SuiteRunner.java:334)
	at org.testng.SuiteRunner.runSequentially(SuiteRunner.java:329)
	at org.testng.SuiteRunner.privateRun(SuiteRunner.java:291)
	at org.testng.SuiteRunner.run(SuiteRunner.java:240)
	at org.testng.SuiteRunnerWorker.runSuite(SuiteRunnerWorker.java:52)
	at org.testng.SuiteRunnerWorker.run(SuiteRunnerWorker.java:86)
	at org.testng.TestNG.runSuitesSequentially(TestNG.java:1198)
	at org.testng.TestNG.runSuitesLocally(TestNG.java:1123)
	at org.testng.TestNG.run(TestNG.java:1031)
	at org.testng.remote.AbstractRemoteTestNG.run(AbstractRemoteTestNG.java:115)
	at org.testng.remote.RemoteTestNG.initAndRun(RemoteTestNG.java:251)
	at org.testng.remote.RemoteTestNG.main(RemoteTestNG.java:77)
]]>
    </failure>
  </testcase> <!-- Banners_2WV -->
</testsuite> <!-- OLB.Banners -->
