<?xml version="1.0" encoding="UTF-8"?>
<!-- Generated by org.testng.reporters.JUnitReportReporter -->
<testsuite hostname="Jahongirs-MacBook-Pro.local" name="OLB.Banners_2WV" tests="5" failures="0" timestamp="12 Sep 2019 03:25:50 GMT" time="31.567" errors="0">
  <testcase name="verifyIdentity" time="15.199" classname="OLB.Banners_2WV"/>
  <testcase name="authLoginPage" time="7.410" classname="OLB.Banners_2WV"/>
  <testcase name="validateBanner" time="0.360" classname="OLB.Banners_2WV"/>
  <testcase name="initialize" time="4.211" classname="OLB.Banners_2WV"/>
  <testcase name="loginToOLB" time="4.387" classname="OLB.Banners_2WV"/>
</testsuite> <!-- OLB.Banners_2WV -->
